#
# There is insufficient memory for the Java Runtime Environment to continue.
# Native memory allocation (mmap) failed to map 264241152 bytes for G1 virtual space
# Possible reasons:
#   The system is out of physical RAM or swap space
#   The process is running with CompressedOops enabled, and the Java Heap may be blocking the growth of the native heap
# Possible solutions:
#   Reduce memory load on the system
#   Increase physical memory or swap space
#   Check if swap backing store is full
#   Decrease Java heap size (-Xmx/-Xms)
#   Decrease number of Java threads
#   Decrease Java thread stack sizes (-Xss)
#   Set larger code cache with -XX:ReservedCodeCacheSize=
#   JVM is running with Zero Based Compressed Oops mode in which the Java heap is
#     placed in the first 32GB address space. The Java Heap base address is the
#     maximum limit for the native heap growth. Please use -XX:HeapBaseMinAddress
#     to set the Java Heap base and to place the Java Heap above 32GB virtual address.
# This output file may be truncated or incomplete.
#
#  Out of Memory Error (os_windows.cpp:3541), pid=14968, tid=1796
#
# JRE version:  (17.0.4+8) (build )
# Java VM: OpenJDK 64-Bit Server VM (17.0.4+8, mixed mode, emulated-client, sharing, tiered, compressed oops, compressed class ptrs, g1 gc, windows-amd64)
# No core dump will be written. Minidumps are not enabled by default on client versions of Windows
#

---------------  S U M M A R Y ------------

Command Line: -Dcom.sun.management.jmxremote -Dcom.sun.management.jmxremote.port=55307 -Dcom.sun.management.jmxremote.authenticate=false -Dcom.sun.management.jmxremote.ssl=false -Djava.rmi.server.hostname=localhost -Dspring.jmx.enabled=true -Dspring.application.admin.enabled=true -XX:TieredStopAtLevel=1 -Dspring.boot.project.name=bacanos -Dfile.encoding=UTF-8 -XX:+ShowCodeDetailsInExceptionMessages com.spring.web.app.BacanosApplication --spring.output.ansi.enabled=always

Host: 11th Gen Intel(R) Core(TM) i7-1165G7 @ 2.80GHz, 8 cores, 15G,  Windows 10 , 64 bit Build 19041 (10.0.19041.1806)
Time: Tue Aug 16 20:48:06 2022 Hora est. Pacífico, Sudamérica elapsed time: 0.015670 seconds (0d 0h 0m 0s)

---------------  T H R E A D  ---------------

Current thread (0x000001403e17ab00):  JavaThread "Unknown thread" [_thread_in_vm, id=1796, stack(0x0000001a4d900000,0x0000001a4da00000)]

Stack: [0x0000001a4d900000,0x0000001a4da00000]
Native frames: (J=compiled Java code, j=interpreted, Vv=VM code, C=native code)
V  [jvm.dll+0x67733a]
V  [jvm.dll+0x8323c4]
V  [jvm.dll+0x833b6e]
V  [jvm.dll+0x8341d3]
V  [jvm.dll+0x2455e5]
V  [jvm.dll+0x674229]
V  [jvm.dll+0x668ab2]
V  [jvm.dll+0x30458b]
V  [jvm.dll+0x30bad6]
V  [jvm.dll+0x35ba7e]
V  [jvm.dll+0x35bcaf]
V  [jvm.dll+0x2db428]
V  [jvm.dll+0x2dc394]
V  [jvm.dll+0x803ef1]
V  [jvm.dll+0x3698d1]
V  [jvm.dll+0x7e320c]
V  [jvm.dll+0x3ec23f]
V  [jvm.dll+0x3eddc1]
C  [jli.dll+0x5277]
C  [ucrtbase.dll+0x21bb2]
C  [KERNEL32.DLL+0x17034]
C  [ntdll.dll+0x52651]


---------------  P R O C E S S  ---------------

Threads class SMR info:
_java_thread_list=0x00007ffce4c34e98, length=0, elements={
}

Java Threads: ( => current thread )

Other Threads:
  0x000001404deb4e50 GCTaskThread "GC Thread#0" [stack: 0x0000001a4da00000,0x0000001a4db00000] [id=22236]
  0x000001404dec5550 ConcurrentGCThread "G1 Main Marker" [stack: 0x0000001a4db00000,0x0000001a4dc00000] [id=10332]
  0x000001404dec6140 ConcurrentGCThread "G1 Conc#0" [stack: 0x0000001a4dc00000,0x0000001a4dd00000] [id=18284]

[error occurred during error reporting (printing all threads), id 0xc0000005, EXCEPTION_ACCESS_VIOLATION (0xc0000005) at pc=0x00007ffce440beb7]

VM state: not at safepoint (not fully initialized)

VM Mutex/Monitor currently owned by a thread:  ([mutex/lock_event])
[0x000001403b7eae50] Heap_lock - owner thread: 0x000001403e17ab00

Heap address: 0x0000000704e00000, size: 4018 MB, Compressed Oops mode: Zero based, Oop shift amount: 3

CDS archive(s) mapped at: [0x0000000000000000-0x0000000000000000-0x0000000000000000), size 0, SharedBaseAddress: 0x0000000800000000, ArchiveRelocationMode: 0.
Narrow klass base: 0x0000000000000000, Narrow klass shift: 0, Narrow klass range: 0x0

GC Precious Log:
<Empty>

Heap:
 garbage-first heap   total 0K, used 0K [0x0000000704e00000, 0x0000000800000000)
  region size 2048K, 0 young (0K), 0 survivors (0K)

[error occurred during error reporting (printing heap information), id 0xc0000005, EXCEPTION_ACCESS_VIOLATION (0xc0000005) at pc=0x00007ffce47f06b9]

GC Heap History (0 events):
No events

Deoptimization events (0 events):
No events

Classes unloaded (0 events):
No events

Classes redefined (0 events):
No events

Internal exceptions (0 events):
No events

VM Operations (0 events):
No events

Events (1 events):
Event: 0.005 Loaded shared library C:\Users\vyg0615\Downloads\Spring Tool\sts-4.15.3.RELEASE\plugins\org.eclipse.justj.openjdk.hotspot.jre.full.win32.x86_64_17.0.4.v20220805-1047\jre\bin\java.dll


Dynamic libraries:
0x00007ff6017f0000 - 0x00007ff6017fe000 	C:\Users\vyg0615\Downloads\Spring Tool\sts-4.15.3.RELEASE\plugins\org.eclipse.justj.openjdk.hotspot.jre.full.win32.x86_64_17.0.4.v20220805-1047\jre\bin\javaw.exe
0x00007ffd24e70000 - 0x00007ffd25068000 	C:\Windows\SYSTEM32\ntdll.dll
0x00007ffd23dc0000 - 0x00007ffd23e7d000 	C:\Windows\System32\KERNEL32.DLL
0x00007ffd226f0000 - 0x00007ffd229be000 	C:\Windows\System32\KERNELBASE.dll
0x00007ffd229c0000 - 0x00007ffd22ac0000 	C:\Windows\System32\ucrtbase.dll
0x00007ffd17bf0000 - 0x00007ffd17c09000 	C:\Users\vyg0615\Downloads\Spring Tool\sts-4.15.3.RELEASE\plugins\org.eclipse.justj.openjdk.hotspot.jre.full.win32.x86_64_17.0.4.v20220805-1047\jre\bin\VCRUNTIME140.dll
0x00007ffd172c0000 - 0x00007ffd172d8000 	C:\Users\vyg0615\Downloads\Spring Tool\sts-4.15.3.RELEASE\plugins\org.eclipse.justj.openjdk.hotspot.jre.full.win32.x86_64_17.0.4.v20220805-1047\jre\bin\jli.dll
0x00007ffd236f0000 - 0x00007ffd23890000 	C:\Windows\System32\USER32.dll
0x00007ffd226c0000 - 0x00007ffd226e2000 	C:\Windows\System32\win32u.dll
0x00007ffd039f0000 - 0x00007ffd03c8a000 	C:\Windows\WinSxS\amd64_microsoft.windows.common-controls_6595b64144ccf1df_6.0.19041.1110_none_60b5254171f9507e\COMCTL32.dll
0x00007ffd22ef0000 - 0x00007ffd22f1a000 	C:\Windows\System32\GDI32.dll
0x00007ffd24d90000 - 0x00007ffd24e2e000 	C:\Windows\System32\msvcrt.dll
0x00007ffd22cc0000 - 0x00007ffd22dcb000 	C:\Windows\System32\gdi32full.dll
0x00007ffd22c20000 - 0x00007ffd22cbd000 	C:\Windows\System32\msvcp_win.dll
0x00007ffd23900000 - 0x00007ffd23930000 	C:\Windows\System32\IMM32.DLL
0x00007ffd12510000 - 0x00007ffd12712000 	C:\Windows\system32\tmumh\20019\AddOn\8.53.0.1128\TmUmEvt64.dll
0x00007ffd24500000 - 0x00007ffd24508000 	C:\Windows\System32\PSAPI.DLL
0x00007ffd22f20000 - 0x00007ffd22fce000 	C:\Windows\System32\ADVAPI32.dll
0x00007ffd23440000 - 0x00007ffd234dc000 	C:\Windows\System32\sechost.dll
0x00007ffd24c60000 - 0x00007ffd24d85000 	C:\Windows\System32\RPCRT4.dll
0x0000000074960000 - 0x0000000074ad0000 	C:\Windows\system32\tmumh\20019\TmMon\2.8.0.1054\tmmon64.dll
0x00007ffd19260000 - 0x00007ffd1926c000 	C:\Users\vyg0615\Downloads\Spring Tool\sts-4.15.3.RELEASE\plugins\org.eclipse.justj.openjdk.hotspot.jre.full.win32.x86_64_17.0.4.v20220805-1047\jre\bin\vcruntime140_1.dll
0x00007ffd0ce40000 - 0x00007ffd0ced1000 	C:\Users\vyg0615\Downloads\Spring Tool\sts-4.15.3.RELEASE\plugins\org.eclipse.justj.openjdk.hotspot.jre.full.win32.x86_64_17.0.4.v20220805-1047\jre\bin\msvcp140.dll
0x00007ffce4120000 - 0x00007ffce4d66000 	C:\Users\vyg0615\Downloads\Spring Tool\sts-4.15.3.RELEASE\plugins\org.eclipse.justj.openjdk.hotspot.jre.full.win32.x86_64_17.0.4.v20220805-1047\jre\bin\server\jvm.dll
0x00007ffd04880000 - 0x00007ffd04889000 	C:\Windows\SYSTEM32\WSOCK32.dll
0x00007ffd23890000 - 0x00007ffd238fb000 	C:\Windows\System32\WS2_32.dll
0x00007ffd050b0000 - 0x00007ffd050d7000 	C:\Windows\SYSTEM32\WINMM.dll
0x00007ffd15f20000 - 0x00007ffd15f2a000 	C:\Windows\SYSTEM32\VERSION.dll
0x00007ffd20e20000 - 0x00007ffd20e32000 	C:\Windows\SYSTEM32\kernel.appcore.dll
0x00007ffd1bca0000 - 0x00007ffd1bcaa000 	C:\Users\vyg0615\Downloads\Spring Tool\sts-4.15.3.RELEASE\plugins\org.eclipse.justj.openjdk.hotspot.jre.full.win32.x86_64_17.0.4.v20220805-1047\jre\bin\jimage.dll
0x00007ffd20360000 - 0x00007ffd20544000 	C:\Windows\SYSTEM32\DBGHELP.DLL
0x00007ffd05c80000 - 0x00007ffd05cac000 	C:\Windows\SYSTEM32\dbgcore.DLL
0x00007ffd22590000 - 0x00007ffd22612000 	C:\Windows\System32\bcryptPrimitives.dll
0x00007ffd19310000 - 0x00007ffd19335000 	C:\Users\vyg0615\Downloads\Spring Tool\sts-4.15.3.RELEASE\plugins\org.eclipse.justj.openjdk.hotspot.jre.full.win32.x86_64_17.0.4.v20220805-1047\jre\bin\java.dll

dbghelp: loaded successfully - version: 4.0.5 - missing functions: none
symbol engine: initialized successfully - sym options: 0x614 - pdb path: .;C:\Users\vyg0615\Downloads\Spring Tool\sts-4.15.3.RELEASE\plugins\org.eclipse.justj.openjdk.hotspot.jre.full.win32.x86_64_17.0.4.v20220805-1047\jre\bin;C:\Windows\SYSTEM32;C:\Windows\WinSxS\amd64_microsoft.windows.common-controls_6595b64144ccf1df_6.0.19041.1110_none_60b5254171f9507e;C:\Windows\system32\tmumh\20019\AddOn\8.53.0.1128;C:\Windows\system32\tmumh\20019\TmMon\2.8.0.1054;C:\Users\vyg0615\Downloads\Spring Tool\sts-4.15.3.RELEASE\plugins\org.eclipse.justj.openjdk.hotspot.jre.full.win32.x86_64_17.0.4.v20220805-1047\jre\bin\server

VM Arguments:
jvm_args: -Dcom.sun.management.jmxremote -Dcom.sun.management.jmxremote.port=55307 -Dcom.sun.management.jmxremote.authenticate=false -Dcom.sun.management.jmxremote.ssl=false -Djava.rmi.server.hostname=localhost -Dspring.jmx.enabled=true -Dspring.application.admin.enabled=true -XX:TieredStopAtLevel=1 -Dspring.boot.project.name=bacanos -Dfile.encoding=UTF-8 -XX:+ShowCodeDetailsInExceptionMessages 
java_command: com.spring.web.app.BacanosApplication --spring.output.ansi.enabled=always
java_class_path (initial): D:\PERSONAL\proyect\bacano\target\classes;C:\Users\vyg0615\.m2\repository\org\springframework\boot\spring-boot-starter-data-jdbc\2.7.2\spring-boot-starter-data-jdbc-2.7.2.jar;C:\Users\vyg0615\.m2\repository\org\springframework\data\spring-data-jdbc\2.4.2\spring-data-jdbc-2.4.2.jar;C:\Users\vyg0615\.m2\repository\org\springframework\data\spring-data-relational\2.4.2\spring-data-relational-2.4.2.jar;C:\Users\vyg0615\.m2\repository\org\springframework\data\spring-data-commons\2.7.2\spring-data-commons-2.7.2.jar;C:\Users\vyg0615\.m2\repository\org\springframework\spring-tx\5.3.22\spring-tx-5.3.22.jar;C:\Users\vyg0615\.m2\repository\org\springframework\spring-context\5.3.22\spring-context-5.3.22.jar;C:\Users\vyg0615\.m2\repository\org\springframework\spring-beans\5.3.22\spring-beans-5.3.22.jar;C:\Users\vyg0615\.m2\repository\org\slf4j\slf4j-api\1.7.36\slf4j-api-1.7.36.jar;C:\Users\vyg0615\.m2\repository\org\springframework\boot\spring-boot-starter-jdbc\2.7.2\spring-boot-starter-jdbc-2.7.2.jar;C:\Users\vyg0615\.m2\repository\org\springframework\boot\spring-boot-starter\2.7.2\spring-boot-starter-2.7.2.jar;C:\Users\vyg0615\.m2\repository\org\springframework\boot\spring-boot-starter-logging\2.7.2\spring-boot-starter-logging-2.7.2.jar;C:\Users\vyg0615\.m2\repository\ch\qos\logback\logback-classic\1.2.11\logback-classic-1.2.11.jar;C:\Users\vyg0615\.m2\repository\ch\qos\logback\logback-core\1.2.11\logback-core-1.2.11.jar;C:\Users\vyg0615\.m2\repository\org\apache\logging\log4j\log4j-to-slf4j\2.17.2\log4j-to-slf4j-2.17.2.jar;C:\Users\vyg0615\.m2\repository\org\apache\logging\log4j\log4j-api\2.17.2\log4j-api-2.17.2.jar;C:\Users\vyg0615\.m2\repository\org\slf4j\jul-to-slf4j\1.7.36\jul-to-slf4j-1.7.36.jar;C:\Users\vyg0615\.m2\repository\jakarta\annotation\jakarta.annotation-api\1.3.5\jakarta.annotation-api-1.3.5.jar;C:\Users\vyg0615\.m2\repository\org\yaml\snakeyaml\1.30\snakeyaml-1.30.jar;C:\Users\vyg0615\.m2\repository\com\zaxxer\HikariCP\4.0.3\Hikari
Launcher Type: SUN_STANDARD

[Global flags]
     intx CICompilerCount                          = 4                                         {product} {ergonomic}
     uint ConcGCThreads                            = 2                                         {product} {ergonomic}
     uint G1ConcRefinementThreads                  = 8                                         {product} {ergonomic}
   size_t G1HeapRegionSize                         = 2097152                                   {product} {ergonomic}
    uintx GCDrainStackTargetSize                   = 64                                        {product} {ergonomic}
   size_t InitialHeapSize                          = 264241152                                 {product} {ergonomic}
     bool ManagementServer                         = true                                      {product} {command line}
   size_t MarkStackSize                            = 4194304                                   {product} {ergonomic}
   size_t MaxHeapSize                              = 4213178368                                {product} {ergonomic}
   size_t MinHeapDeltaBytes                        = 2097152                                   {product} {ergonomic}
   size_t MinHeapSize                              = 8388608                                   {product} {ergonomic}
    uintx NonProfiledCodeHeapSize                  = 0                                      {pd product} {ergonomic}
     bool ProfileInterpreter                       = false                                  {pd product} {command line}
    uintx ProfiledCodeHeapSize                     = 0                                      {pd product} {ergonomic}
     bool ShowCodeDetailsInExceptionMessages       = true                                   {manageable} {command line}
   size_t SoftMaxHeapSize                          = 4213178368                             {manageable} {ergonomic}
     intx TieredStopAtLevel                        = 1                                         {product} {command line}
     bool UseCompressedClassPointers               = true                           {product lp64_product} {ergonomic}
     bool UseCompressedOops                        = true                           {product lp64_product} {ergonomic}
     bool UseG1GC                                  = true                                      {product} {ergonomic}
     bool UseLargePagesIndividualAllocation        = false                                  {pd product} {ergonomic}

Logging:
Log output configuration:
 #0: stdout all=warning uptime,level,tags
 #1: stderr all=off uptime,level,tags

Environment Variables:
JAVA_HOME=C:\Program Files\Java\jdk1.8.0_05
PATH=C:/Users/vyg0615/Downloads/Spring Tool/sts-4.15.3.RELEASE//plugins/org.eclipse.justj.openjdk.hotspot.jre.full.win32.x86_64_17.0.4.v20220805-1047/jre/bin/server;C:/Users/vyg0615/Downloads/Spring Tool/sts-4.15.3.RELEASE//plugins/org.eclipse.justj.openjdk.hotspot.jre.full.win32.x86_64_17.0.4.v20220805-1047/jre/bin;C:\Python39\Scripts\;C:\Python39\;C:\Windows\System32\WindowsPowerShell\v1.0\;C:\Program Files (x86)\Common Files\Oracle\Java\javapath;C:\Windows\system32;C:\Windows;C:\Windows\System32\Wbem;C:\Windows\System32\OpenSSH\;C:\Program Files\Java\jdk1.8.0_05\bin;C:\Program Files (x86)\IBM\Personal Communications\;C:\Program Files (x86)\IBM\Trace Facility\;C:\Program Files\Microsoft VS Code\bin;C:\Program Files\PuTTY\;C:\Program Files\nodejs\;C:\ProgramData\chocolatey\bin;C:\Program Files\Git\cmd;C:\Python39;C:\Users\Administrador\AppData\Local\Programs\Python\Python39\Scripts\;C:\Users\Administrador\AppData\Local\Programs\Python\Python39\;C:\apache-maven-3.8.2\bin;C:\Program Files\Docker\Docker\resources\bin;C:\ProgramData\DockerDesktop\version-bin;C:\Users\Administrador\AppData\Local\Microsoft\WindowsApps;C:\Users\Administrador\AppData\Roaming\npm;D:\apx-cli;C:\Users\vyg0615\AppData\Local\Microsoft\WindowsApps;;C:\Users\vyg0615\Downloads\Spring Tool\sts-4.15.3.RELEASE;
USERNAME=vyg0615
OS=Windows_NT
PROCESSOR_IDENTIFIER=Intel64 Family 6 Model 140 Stepping 1, GenuineIntel
TMP=C:\Users\vyg0615\AppData\Local\Temp
TEMP=C:\Users\vyg0615\AppData\Local\Temp



---------------  S Y S T E M  ---------------

OS:
 Windows 10 , 64 bit Build 19041 (10.0.19041.1806)
OS uptime: 0 days 10:03 hours
Hyper-V role detected

CPU: total 8 (initial active 8) (4 cores per cpu, 2 threads per core) family 6 model 140 stepping 1 microcode 0xa4, cx8, cmov, fxsr, ht, mmx, 3dnowpref, sse, sse2, sse3, ssse3, sse4.1, sse4.2, popcnt, lzcnt, tsc, tscinvbit, avx, avx2, aes, erms, clmul, bmi1, bmi2, adx, avx512f, avx512dq, avx512cd, avx512bw, avx512vl, sha, fma, vzeroupper, avx512_vpopcntdq, avx512_vpclmulqdq, avx512_vaes, avx512_vnni, clflush, clflushopt, clwb, avx512_vbmi2, avx512_vbmi, hv

Memory: 4k page, system-wide physical 16064M (2430M free)
TotalPageFile size 16064M (AvailPageFile size 248M)
current process WorkingSet (physical memory assigned to process): 12M, peak: 12M
current process commit charge ("private bytes"): 57M, peak: 309M

vm_info: OpenJDK 64-Bit Server VM (17.0.4+8) for windows-amd64 JRE (17.0.4+8), built on Jul 19 2022 16:05:16 by "temurin" with MS VC++ 16.7 (VS2019)

END.
